<?xml version="1.0" encoding="UTF-8"?>
<!-- Generated by org.testng.reporters.JUnitReportReporter -->
<testsuite hostname="LAPTOP-9ORMJ2BP" failures="0" tests="4" name="test.TestClass" time="23.673" errors="0" timestamp="2022-07-17T19:01:45 IST" skipped="0">
  <testcase classname="test.TestClass" name="loginverify" time="15.902"/>
  <system-out/>
  <testcase classname="test.TestClass" name="loginverify" time="2.596"/>
  <system-out/>
  <testcase classname="test.TestClass" name="loginverify" time="2.584"/>
  <system-out/>
  <testcase classname="test.TestClass" name="loginverify" time="2.591"/>
  <system-out/>
</testsuite> <!-- test.TestClass -->
